<?xml version="1.0" encoding="UTF-8"?>
<testng-results ignored="0" total="2" passed="2" failed="0" skipped="0">
  <reporter-output>
  </reporter-output>
  <suite started-at="2024-01-07T12:36:48 MST" name="Default suite" finished-at="2024-01-07T12:36:50 MST" duration-ms="2070">
    <groups>
    </groups>
    <test started-at="2024-01-07T12:36:48 MST" name="Default test" finished-at="2024-01-07T12:36:50 MST" duration-ms="2070">
      <class name="testNG_package.TimeOutClass">
        <test-method signature="simplePrint()[pri:0, instance:testNG_package.TimeOutClass@4bb33f74]" started-at="2024-01-07T12:36:48 MST" name="simplePrint" finished-at="2024-01-07T12:36:48 MST" duration-ms="12" status="PASS">
          <reporter-output>
          </reporter-output>
        </test-method> <!-- simplePrint -->
        <test-method signature="waitFor2Seconds()[pri:0, instance:testNG_package.TimeOutClass@4bb33f74]" started-at="2024-01-07T12:36:48 MST" name="waitFor2Seconds" finished-at="2024-01-07T12:36:50 MST" duration-ms="2005" status="PASS">
          <reporter-output>
          </reporter-output>
        </test-method> <!-- waitFor2Seconds -->
      </class> <!-- testNG_package.TimeOutClass -->
    </test> <!-- Default test -->
  </suite> <!-- Default suite -->
</testng-results>
